[debug] [2020-06-02T14:42:02.542Z] ----------------------------------------------------------------------
[debug] [2020-06-02T14:42:02.544Z] Command:       C:\Program Files\nodejs\node.exe C:\Users\Rohit\AppData\Roaming\npm\node_modules\firebase-tools\lib\bin\firebase.js serve -p 4000
[debug] [2020-06-02T14:42:02.544Z] CLI Version:   7.12.1
[debug] [2020-06-02T14:42:02.544Z] Platform:      win32
[debug] [2020-06-02T14:42:02.545Z] Node Version:  v10.17.0
[debug] [2020-06-02T14:42:02.545Z] Time:          Tue Jun 02 2020 20:12:02 GMT+0530 (India Standard Time)
[debug] [2020-06-02T14:42:02.545Z] ----------------------------------------------------------------------
[debug] [2020-06-02T14:42:02.545Z] 
[debug] [2020-06-02T14:42:03.413Z] > command requires scopes: ["email","openid","https://www.googleapis.com/auth/cloudplatformprojects.readonly","https://www.googleapis.com/auth/firebase","https://www.googleapis.com/auth/cloud-platform"]
[debug] [2020-06-02T14:42:03.414Z] > authorizing via signed-in user
[debug] [2020-06-02T14:42:03.414Z] [iam] checking project fortpolio-admin for permissions ["firebase.projects.get"]
[debug] [2020-06-02T14:42:03.415Z] > refreshing access token with scopes: ["email","https://www.googleapis.com/auth/cloud-platform","https://www.googleapis.com/auth/cloudplatformprojects.readonly","https://www.googleapis.com/auth/firebase","openid"]
[debug] [2020-06-02T14:42:03.415Z] >>> HTTP REQUEST POST https://www.googleapis.com/oauth2/v3/token  
 <request body omitted>
[debug] [2020-06-02T14:42:03.651Z] <<< HTTP RESPONSE 200
[debug] [2020-06-02T14:42:03.657Z] >>> HTTP REQUEST POST https://cloudresourcemanager.googleapis.com/v1/projects/fortpolio-admin:testIamPermissions  

[debug] [2020-06-02T14:42:04.111Z] <<< HTTP RESPONSE 200
[debug] [2020-06-02T14:42:04.112Z] >>> HTTP REQUEST GET https://firebase.googleapis.com/v1beta1/projects/fortpolio-admin  
 
[debug] [2020-06-02T14:42:04.554Z] <<< HTTP RESPONSE 200
[info] 
[info] === Serving from 'D:\_Rohit\projects\fp2'...
[info] 
[debug] [2020-06-02T14:42:04.557Z] >>> HTTP REQUEST GET https://firebase.googleapis.com/v1beta1/projects/fortpolio-admin/webApps/-/config  
 
[debug] [2020-06-02T14:42:05.588Z] <<< HTTP RESPONSE 200
[info] i  hosting: Serving hosting files from: build
[info] +  hosting: Local server: http://localhost:4000
[debug] [2020-06-04T17:37:21.318Z] ----------------------------------------------------------------------
[debug] [2020-06-04T17:37:21.320Z] Command:       C:\Program Files\nodejs\node.exe C:\Users\Rohit\AppData\Roaming\npm\node_modules\firebase-tools\lib\bin\firebase.js serve -p 4000
[debug] [2020-06-04T17:37:21.321Z] CLI Version:   7.12.1
[debug] [2020-06-04T17:37:21.321Z] Platform:      win32
[debug] [2020-06-04T17:37:21.321Z] Node Version:  v10.17.0
[debug] [2020-06-04T17:37:21.333Z] Time:          Thu Jun 04 2020 23:07:21 GMT+0530 (India Standard Time)
[debug] [2020-06-04T17:37:21.333Z] ----------------------------------------------------------------------
[debug] [2020-06-04T17:37:21.333Z] 
[debug] [2020-06-04T17:37:21.348Z] > command requires scopes: ["email","openid","https://www.googleapis.com/auth/cloudplatformprojects.readonly","https://www.googleapis.com/auth/firebase","https://www.googleapis.com/auth/cloud-platform"]
[debug] [2020-06-04T17:37:21.349Z] > authorizing via signed-in user
[debug] [2020-06-04T17:37:21.349Z] [iam] checking project fortpolio-admin for permissions ["firebase.projects.get"]
[debug] [2020-06-04T17:37:21.351Z] > refreshing access token with scopes: ["email","https://www.googleapis.com/auth/cloud-platform","https://www.googleapis.com/auth/cloudplatformprojects.readonly","https://www.googleapis.com/auth/firebase","openid"]
[debug] [2020-06-04T17:37:21.351Z] >>> HTTP REQUEST POST https://www.googleapis.com/oauth2/v3/token  
 <request body omitted>
[debug] [2020-06-04T17:37:21.594Z] <<< HTTP RESPONSE 200
[debug] [2020-06-04T17:37:21.606Z] >>> HTTP REQUEST POST https://cloudresourcemanager.googleapis.com/v1/projects/fortpolio-admin:testIamPermissions  

[debug] [2020-06-04T17:37:23.167Z] <<< HTTP RESPONSE 200
[debug] [2020-06-04T17:37:23.168Z] >>> HTTP REQUEST GET https://firebase.googleapis.com/v1beta1/projects/fortpolio-admin  
 
[debug] [2020-06-04T17:37:23.561Z] <<< HTTP RESPONSE 200
[info] 
[info] === Serving from 'D:\_Rohit\projects\fp2'...
[info] 
[debug] [2020-06-04T17:37:23.574Z] >>> HTTP REQUEST GET https://firebase.googleapis.com/v1beta1/projects/fortpolio-admin/webApps/-/config  
 
[debug] [2020-06-04T17:37:24.674Z] <<< HTTP RESPONSE 200
[warn] !  hosting: Port 4000 is not available. Trying another port...
[info] i  hosting: Serving hosting files from: build
[info] +  hosting: Local server: http://localhost:4005
[debug] [2020-06-04T17:40:52.053Z] ----------------------------------------------------------------------
[debug] [2020-06-04T17:40:52.055Z] Command:       C:\Program Files\nodejs\node.exe C:\Users\Rohit\AppData\Roaming\npm\node_modules\firebase-tools\lib\bin\firebase.js serve -p 4000
[debug] [2020-06-04T17:40:52.055Z] CLI Version:   7.12.1
[debug] [2020-06-04T17:40:52.055Z] Platform:      win32
[debug] [2020-06-04T17:40:52.055Z] Node Version:  v10.17.0
[debug] [2020-06-04T17:40:52.056Z] Time:          Thu Jun 04 2020 23:10:52 GMT+0530 (India Standard Time)
[debug] [2020-06-04T17:40:52.056Z] ----------------------------------------------------------------------
[debug] [2020-06-04T17:40:52.056Z] 
[debug] [2020-06-04T17:40:52.065Z] > command requires scopes: ["email","openid","https://www.googleapis.com/auth/cloudplatformprojects.readonly","https://www.googleapis.com/auth/firebase","https://www.googleapis.com/auth/cloud-platform"]
[debug] [2020-06-04T17:40:52.066Z] > authorizing via signed-in user
[debug] [2020-06-04T17:40:52.066Z] [iam] checking project fortpolio-admin for permissions ["firebase.projects.get"]
[debug] [2020-06-04T17:40:52.068Z] >>> HTTP REQUEST POST https://cloudresourcemanager.googleapis.com/v1/projects/fortpolio-admin:testIamPermissions  

[debug] [2020-06-04T17:40:53.579Z] <<< HTTP RESPONSE 200
[debug] [2020-06-04T17:40:53.585Z] >>> HTTP REQUEST GET https://firebase.googleapis.com/v1beta1/projects/fortpolio-admin  
 
[debug] [2020-06-04T17:40:53.990Z] <<< HTTP RESPONSE 200
[info] 
[info] === Serving from 'D:\_Rohit\projects\fp2'...
[info] 
[debug] [2020-06-04T17:40:53.995Z] >>> HTTP REQUEST GET https://firebase.googleapis.com/v1beta1/projects/fortpolio-admin/webApps/-/config  
 
[debug] [2020-06-04T17:40:55.033Z] <<< HTTP RESPONSE 200
[info] i  hosting: Serving hosting files from: build
[info] +  hosting: Local server: http://localhost:4000
[debug] [2020-06-06T11:18:48.780Z] ----------------------------------------------------------------------
[debug] [2020-06-06T11:18:48.785Z] Command:       C:\Program Files\nodejs\node.exe C:\Users\Rohit\AppData\Roaming\npm\node_modules\firebase-tools\lib\bin\firebase.js serve -p 4000
[debug] [2020-06-06T11:18:48.786Z] CLI Version:   7.12.1
[debug] [2020-06-06T11:18:48.786Z] Platform:      win32
[debug] [2020-06-06T11:18:48.786Z] Node Version:  v10.17.0
[debug] [2020-06-06T11:18:48.802Z] Time:          Sat Jun 06 2020 16:48:48 GMT+0530 (India Standard Time)
[debug] [2020-06-06T11:18:48.802Z] ----------------------------------------------------------------------
[debug] [2020-06-06T11:18:48.802Z] 
[debug] [2020-06-06T11:18:48.829Z] > command requires scopes: ["email","openid","https://www.googleapis.com/auth/cloudplatformprojects.readonly","https://www.googleapis.com/auth/firebase","https://www.googleapis.com/auth/cloud-platform"]
[debug] [2020-06-06T11:18:48.830Z] > authorizing via signed-in user
[debug] [2020-06-06T11:18:48.830Z] [iam] checking project fortpolio-admin for permissions ["firebase.projects.get"]
[debug] [2020-06-06T11:18:48.834Z] > refreshing access token with scopes: ["email","https://www.googleapis.com/auth/cloud-platform","https://www.googleapis.com/auth/cloudplatformprojects.readonly","https://www.googleapis.com/auth/firebase","openid"]
[debug] [2020-06-06T11:18:48.835Z] >>> HTTP REQUEST POST https://www.googleapis.com/oauth2/v3/token  
 <request body omitted>
[debug] [2020-06-06T11:18:49.079Z] <<< HTTP RESPONSE 200
[debug] [2020-06-06T11:18:49.095Z] >>> HTTP REQUEST POST https://cloudresourcemanager.googleapis.com/v1/projects/fortpolio-admin:testIamPermissions  

[debug] [2020-06-06T11:18:49.532Z] <<< HTTP RESPONSE 200
[debug] [2020-06-06T11:18:49.536Z] >>> HTTP REQUEST GET https://firebase.googleapis.com/v1beta1/projects/fortpolio-admin  
 
[debug] [2020-06-06T11:18:49.999Z] <<< HTTP RESPONSE 200
[info] 
[info] === Serving from 'D:\_Rohit\projects\fp2'...
[info] 
[debug] [2020-06-06T11:18:50.008Z] >>> HTTP REQUEST GET https://firebase.googleapis.com/v1beta1/projects/fortpolio-admin/webApps/-/config  
 
[debug] [2020-06-06T11:18:50.968Z] <<< HTTP RESPONSE 200
[info] i  hosting: Serving hosting files from: build
[info] +  hosting: Local server: http://localhost:4000
[warn] !  hosting: Could not load Firebase SDK firebase-app.js v7.14.6, check your internet connection.
[debug] [2020-06-06T13:53:42.758Z] Error: getaddrinfo ENOTFOUND www.gstatic.com www.gstatic.com:443
[warn] !  hosting: Could not load Firebase SDK firebase-auth.js v7.14.6, check your internet connection.
[debug] [2020-06-06T13:53:42.760Z] Error: getaddrinfo ENOTFOUND www.gstatic.com www.gstatic.com:443
